22:17:28	********************************Create********************************
22:17:28	Request:{
	"TransactionID":"898979",
	"ReservationStart":"2020-04-12T15:30:00Z",
	"ReservationEnd":"2020-04-12T16:30:00Z",
	"CustomerName":"Neetu",
	"CustomerEmail":"neetu@gmail.com",
	"CustomerTelephone":"04905955",
	"PlateNumber":"M 72702",
	"TicketID":"5543234",
	"ParkingZoneID":"P1",
	"ParkingZoneName":"P1",
	"ParcxToken":"P2222"
}
22:17:28	Response:{"status":200,"message":"Success","TransactionID":"898979"}
22:23:53	********************************Create********************************
22:23:53	Request:{
	"TransactionID":"898979",
	"ReservationStart":"2020-04-12T15:30:00Z",
	"ReservationEnd":"2020-04-12T16:30:00Z",
	"CustomerName":"Neetu",
	"CustomerEmail":"neetu@gmail.com",
	"CustomerTelephone":"04905955",
	"PlateNumber":"M 72702",
	"TicketID":"5543234",
	"ParkingZoneID":"P1",
	"ParkingZoneName":"P1",
	"ParcxToken":"P2222"
}
22:23:53	Response:{"status":701,"message":"Unable To Process transaction.Duplicate Entry","TransactionID":"898979"}
22:32:47	********************************Create********************************
22:32:47	Request:
22:32:47	Response:{"status":702,"message":"Invalid Data","TransactionID":""}
22:52:18	********************************Create********************************
22:52:18	Request:{
	"TransactionID":"898979",
	"ReservationStart":"2020-04-12T15:30:00Z",
	"ReservationEnd":"2020-04-12T16:30:00Z",
	"CustomerName":"Neetu",
	"CustomerEmail":"neetu@gmail.com",
	"CustomerTelephone":"04905955",
	"PlateNumber":"M 72702",
	"TicketID":"5543234",
	"ParkingZoneID":"P1",
	"ParkingZoneName":"P1",
	"ParcxToken":"P2222"
}
22:52:18	Response:{"status":701,"message":"Unable To Process transaction.Duplicate Entry","TransactionID":"898979"}
22:52:42	********************************Create********************************
22:52:42	Request:{
	"TransactionID":"898979",
	"ReservationStart":"2020-04-12T15:30:00Z",
	"ReservationEnd":"2020-04-12T16:30:00Z",
	"CustomerName":"Neetu",
	"CustomerEmail":"neetuvp@gmail.com",
	"CustomerTelephone":"04905955",
	"PlateNumber":"M 72702",
	"TicketID":"55432345",
	"ParkingZoneID":"P1",
	"ParkingZoneName":"P1",
	"ParcxToken":"P2222"
}
22:52:42	Response:{"status":701,"message":"Unable To Process transaction.Duplicate Entry","TransactionID":"898979"}
22:52:54	********************************Create********************************
22:52:54	Request:{
	"TransactionID":"898979",
	"ReservationStart":"2020-04-14T15:30:00Z",
	"ReservationEnd":"2020-04-14T16:30:00Z",
	"CustomerName":"Neetu",
	"CustomerEmail":"neetuvp@gmail.com",
	"CustomerTelephone":"04905955",
	"PlateNumber":"M 72702",
	"TicketID":"55432345",
	"ParkingZoneID":"P1",
	"ParkingZoneName":"P1",
	"ParcxToken":"P2222"
}
22:52:54	Response:{"status":200,"message":"Success","TransactionID":"898979"}
22:56:54	********************************Create********************************
22:56:54	Request:{
	"TransactionID":"898979",
	"ReservationStart":"2020-04-14T15:30:00Z",
	"ReservationEnd":"2020-04-14T16:30:00Z",
	"CustomerName":"Neetu",
	"CustomerEmail":"neetuvp@gmail.com",
	"CustomerTelephone":"04905955",
	"PlateNumber":"M 72702",
	"TicketID":"55432345",
	"ParkingZoneID":"P1",
	"ParkingZoneName":"P1",
	"ParcxToken":"P2222"
}
22:56:54	Response:{"status":701,"message":"Unable To Process transaction.Duplicate Entry","TransactionID":"898979"}
22:57:04	********************************Create********************************
22:57:04	Request:{
	"TransactionID":"898979",
	"ReservationStart":"2020-04-14T15:30:00Z",
	"ReservationEnd":"2020-04-14T16:30:00Z",
	"CustomerName":"Neetu",
	"CustomerEmail":"neetuvp@gmail.com",
	"CustomerTelephone":"04905955",
	"PlateNumber":"M 72702",
	"TicketID":"55432345",
	"ParkingZoneID":"P2",
	"ParkingZoneName":"P1",
	"ParcxToken":"P2222"
}
22:57:04	Response:{"status":701,"message":"Unable To Process transaction.Duplicate Entry","TransactionID":"898979"}
22:57:06	********************************Create********************************
22:57:06	Request:{
	"TransactionID":"898979",
	"ReservationStart":"2020-04-14T15:30:00Z",
	"ReservationEnd":"2020-04-14T16:30:00Z",
	"CustomerName":"Neetu",
	"CustomerEmail":"neetuvp@gmail.com",
	"CustomerTelephone":"04905955",
	"PlateNumber":"M 72702",
	"TicketID":"55432345",
	"ParkingZoneID":"P2",
	"ParkingZoneName":"P1",
	"ParcxToken":"P2222"
}
22:57:06	Response:{"status":701,"message":"Unable To Process transaction.Duplicate Entry","TransactionID":"898979"}
22:57:13	********************************Create********************************
22:57:13	Request:{
	"TransactionID":"898979",
	"ReservationStart":"2020-04-14T15:30:00Z",
	"ReservationEnd":"2020-04-14T16:30:00Z",
	"CustomerName":"Neetu",
	"CustomerEmail":"neetuvp@gmail.com",
	"CustomerTelephone":"04905955",
	"PlateNumber":"M 72702",
	"TicketID":"55432345",
	"ParkingZoneID":"P2",
	"ParkingZoneName":"P2",
	"ParcxToken":"P2222"
}
22:57:13	Response:{"status":701,"message":"Unable To Process transaction.Duplicate Entry","TransactionID":"898979"}
22:57:14	********************************Create********************************
22:57:14	Request:{
	"TransactionID":"898979",
	"ReservationStart":"2020-04-14T15:30:00Z",
	"ReservationEnd":"2020-04-14T16:30:00Z",
	"CustomerName":"Neetu",
	"CustomerEmail":"neetuvp@gmail.com",
	"CustomerTelephone":"04905955",
	"PlateNumber":"M 72702",
	"TicketID":"55432345",
	"ParkingZoneID":"P2",
	"ParkingZoneName":"P2",
	"ParcxToken":"P2222"
}
22:57:14	Response:{"status":701,"message":"Unable To Process transaction.Duplicate Entry","TransactionID":"898979"}
22:57:15	********************************Create********************************
22:57:15	Request:{
	"TransactionID":"898979",
	"ReservationStart":"2020-04-14T15:30:00Z",
	"ReservationEnd":"2020-04-14T16:30:00Z",
	"CustomerName":"Neetu",
	"CustomerEmail":"neetuvp@gmail.com",
	"CustomerTelephone":"04905955",
	"PlateNumber":"M 72702",
	"TicketID":"55432345",
	"ParkingZoneID":"P2",
	"ParkingZoneName":"P2",
	"ParcxToken":"P2222"
}
22:57:15	Response:{"status":701,"message":"Unable To Process transaction.Duplicate Entry","TransactionID":"898979"}
22:59:48	********************************Create********************************
22:59:48	Request:{
	"TransactionID":"898979",
	"ReservationStart":"2020-04-14T15:30:00Z",
	"ReservationEnd":"2020-04-14T16:30:00Z",
	"CustomerName":"Neetu",
	"CustomerEmail":"neetuvp@gmail.com",
	"CustomerTelephone":"04905955",
	"PlateNumber":"M 72702",
	"TicketID":"55432345",
	"ParkingZoneID":"P2",
	"ParkingZoneName":"P2",
	"ParcxToken":"P2222"
}
22:59:48	Response:{"status":701,"message":"Unable To Process transaction.Duplicate Entry","TransactionID":"898979"}
23:15:47	********************************Create********************************
23:15:47	Request:{
	"TransactionID":"898979",
	"ReservationStart":"2020-04-14T15:30:00Z",
	"ReservationEnd":"2020-04-14T16:30:00Z",
	"CustomerName":"Neetu",
	"CustomerEmail":"neetuvp@gmail.com",
	"CustomerTelephone":"04905955",
	"PlateNumber":"M 72702",
	"TicketID":"55432345",
	"ParkingZoneID":"P2",
	"ParkingZoneName":"P2",
	"ParcxToken":"P2222"
}
23:15:47	Response:{"status":701,"message":"Unable To Process transaction","TransactionID":"898979"}
23:17:11	********************************Create********************************
23:17:11	Request:{
	"TransactionID":"898979",
	"ReservationStart":"2020-04-14T15:30:00Z",
	"ReservationEnd":"2020-04-14T16:30:00Z",
	"CustomerName":"Neetu",
	"CustomerEmail":"neetuvp@gmail.com",
	"CustomerTelephone":"04905955",
	"PlateNumber":"M 72702",
	"TicketID":"55432345",
	"ParkingZoneID":"P2",
	"ParkingZoneName":"P2",
	"ParcxToken":"P2222"
}
23:17:11	Response:{"status":701,"message":"Unable To Process transaction.Duplicate Entry","TransactionID":"898979"}
23:52:56	********************************Create********************************
23:52:56	Request:{
	"TransactionID":"898979",
	"ReservationStart":"2020-04-14T15:30:00Z",
	"ReservationEnd":"2020-04-14T16:30:00Z",
	"CustomerName":"Neetu",
	"CustomerEmail":"neetuvp@gmail",
	"CustomerTelephone":"04905955",
	"PlateNumber":"M 72702",
	"TicketID":"55432345",
	"ParkingZoneID":"P2",
	"ParkingZoneName":"P2",
	"ParcxToken":"P2222"
}
23:54:59	********************************Create********************************
23:54:59	Request:{
	"TransactionID":"898979",
	"ReservationStart":"2020-04-14T15:30:00Z",
	"ReservationEnd":"2020-04-14T16:30:00Z",
	"CustomerName":"Neetu",
	"CustomerEmail":"neetuvp@gmail",
	"CustomerTelephone":"04905955",
	"PlateNumber":"M 72702",
	"TicketID":"55432345",
	"ParkingZoneID":"P2",
	"ParkingZoneName":"P2",
	"ParcxToken":"P2222"
}
