11:40:47	********************************Create********************************
11:40:47	Request:{
	"TransactionID":"898979",
	"ReservationStart":"2019-06-24T15:30:00Z",
	"ReservationEnd":"2019-06-24T16:30:00Z",
	"CustomerName":"Neetu",
	"CustomerEmail":"defg@gmail.com",
	"CustomerTelephone":"04905955",
	"PlateNumber":"M747474",
	"TicketID":"5543234",
	"ParkingZoneID":"P1",
	"ParkingZoneName":"P1",
	"ParcxToken":"P2222"
}
11:40:47	Response:{"status":701,"message":"Unable To Process transaction","TransactionID":"898979"}
12:12:38	********************************Create********************************
12:12:38	Request:{
	"TransactionID":"898979",
	"ReservationStart":"2019-06-24T15:30:00Z",
	"ReservationEnd":"2019-06-24T16:30:00Z",
	"CustomerName":"Neetu",
	"CustomerEmail":"defg@gmail.com",
	"CustomerTelephone":"04905955",
	"PlateNumber":"M747474",
	"TicketID":"5543234",
	"ParkingZoneID":"P1",
	"ParkingZoneName":"P1",
	"ParcxToken":"P2222"
}
12:12:38	Response:{"status":701,"message":"Unable To Process transaction","TransactionID":"898979"}
12:12:39	********************************Create********************************
12:12:39	Request:{
	"TransactionID":"898979",
	"ReservationStart":"2019-06-24T15:30:00Z",
	"ReservationEnd":"2019-06-24T16:30:00Z",
	"CustomerName":"Neetu",
	"CustomerEmail":"defg@gmail.com",
	"CustomerTelephone":"04905955",
	"PlateNumber":"M747474",
	"TicketID":"5543234",
	"ParkingZoneID":"P1",
	"ParkingZoneName":"P1",
	"ParcxToken":"P2222"
}
12:12:39	Response:{"status":701,"message":"Unable To Process transaction","TransactionID":"898979"}
12:12:40	********************************Create********************************
12:12:40	Request:{
	"TransactionID":"898979",
	"ReservationStart":"2019-06-24T15:30:00Z",
	"ReservationEnd":"2019-06-24T16:30:00Z",
	"CustomerName":"Neetu",
	"CustomerEmail":"defg@gmail.com",
	"CustomerTelephone":"04905955",
	"PlateNumber":"M747474",
	"TicketID":"5543234",
	"ParkingZoneID":"P1",
	"ParkingZoneName":"P1",
	"ParcxToken":"P2222"
}
12:12:40	Response:{"status":701,"message":"Unable To Process transaction","TransactionID":"898979"}
12:12:41	********************************Create********************************
12:12:41	Request:{
	"TransactionID":"898979",
	"ReservationStart":"2019-06-24T15:30:00Z",
	"ReservationEnd":"2019-06-24T16:30:00Z",
	"CustomerName":"Neetu",
	"CustomerEmail":"defg@gmail.com",
	"CustomerTelephone":"04905955",
	"PlateNumber":"M747474",
	"TicketID":"5543234",
	"ParkingZoneID":"P1",
	"ParkingZoneName":"P1",
	"ParcxToken":"P2222"
}
12:12:41	Response:{"status":701,"message":"Unable To Process transaction","TransactionID":"898979"}
12:12:47	********************************Create********************************
12:12:47	Request:{
	"TransactionID":"898979",
	"ReservationStart":"2019-06-24T15:30:00Z",
	"ReservationEnd":"2019-06-24T16:30:00Z",
	"CustomerName":"Neetu",
	"CustomerEmail":"defg@gmail.com",
	"CustomerTelephone":"04905955",
	"PlateNumber":"M747474",
	"TicketID":"5543234",
	"ParkingZoneID":"P1",
	"ParkingZoneName":"P1",
	"ParcxToken":"P2222"
}
12:12:47	Response:{"status":701,"message":"Unable To Process transaction","TransactionID":"898979"}
12:12:48	********************************Create********************************
12:12:48	Request:{
	"TransactionID":"898979",
	"ReservationStart":"2019-06-24T15:30:00Z",
	"ReservationEnd":"2019-06-24T16:30:00Z",
	"CustomerName":"Neetu",
	"CustomerEmail":"defg@gmail.com",
	"CustomerTelephone":"04905955",
	"PlateNumber":"M747474",
	"TicketID":"5543234",
	"ParkingZoneID":"P1",
	"ParkingZoneName":"P1",
	"ParcxToken":"P2222"
}
12:12:48	Response:{"status":701,"message":"Unable To Process transaction","TransactionID":"898979"}
12:12:51	********************************Create********************************
12:12:51	Request:{
	"TransactionID":"898979",
	"ReservationStart":"2019-06-24T15:30:00Z",
	"ReservationEnd":"2019-06-24T16:30:00Z",
	"CustomerName":"Neetu",
	"CustomerEmail":"defg@gmail.com",
	"CustomerTelephone":"04905955",
	"PlateNumber":"M747474",
	"TicketID":"5543234",
	"ParkingZoneID":"P1",
	"ParkingZoneName":"P1",
	"ParcxToken":"P2222"
}
12:12:51	Response:{"status":701,"message":"Unable To Process transaction","TransactionID":"898979"}
12:27:29	********************************Create********************************
12:27:29	Request:{
	"TransactionID":"898979",
	"ReservationStart":"2019-06-24T15:30:00Z",
	"ReservationEnd":"2019-06-24T16:30:00Z",
	"CustomerName":"Neetu",
	"CustomerEmail":"defg@gmail.com",
	"CustomerTelephone":"04905955",
	"PlateNumber":"M747474",
	"TicketID":"5543234",
	"ParkingZoneID":"P1",
	"ParkingZoneName":"P1",
	"ParcxToken":"P2222"
}
12:27:29	Response:{"status":701,"message":"Unable To Process transaction","TransactionID":"898979"}
12:28:50	********************************Create********************************
12:28:50	Request:{
	"TransactionID":"898979",
	"ReservationStart":"2019-06-24T15:30:00Z",
	"ReservationEnd":"2019-06-24T16:30:00Z",
	"CustomerName":"Neetu",
	"CustomerEmail":"defg@gmail.com",
	"CustomerTelephone":"04905955",
	"PlateNumber":"M747474",
	"TicketID":"5543234",
	"ParkingZoneID":"P1",
	"ParkingZoneName":"P1",
	"ParcxToken":"P2222"
}
12:28:50	Response:{"status":701,"message":"Unable To Process transaction","TransactionID":"898979"}
12:29:17	********************************Create********************************
12:29:17	Request:{
	"TransactionID":"898979",
	"ReservationStart":"2019-06-24T15:30:00Z",
	"ReservationEnd":"2019-06-24T16:30:00Z",
	"CustomerName":"Neetu",
	"CustomerEmail":"defg@gmail.com",
	"CustomerTelephone":"04905955",
	"PlateNumber":"M747474",
	"TicketID":"5543234",
	"ParkingZoneID":"P1",
	"ParkingZoneName":"P1",
	"ParcxToken":"P2222"
}
12:29:17	Response:{"status":701,"message":"Unable To Process transaction","TransactionID":"898979"}
12:30:03	********************************Create********************************
12:30:03	Request:{
	"TransactionID":"898979",
	"ReservationStart":"2019-06-24T15:30:00Z",
	"ReservationEnd":"2019-06-24T16:30:00Z",
	"CustomerName":"Neetu",
	"CustomerEmail":"defg@gmail.com",
	"CustomerTelephone":"04905955",
	"PlateNumber":"M747474",
	"TicketID":"5543234",
	"ParkingZoneID":"P1",
	"ParkingZoneName":"P1",
	"ParcxToken":"P2222"
}
12:30:03	Response:{"status":701,"message":"Unable To Process transaction","TransactionID":"898979"}
12:33:13	********************************Create********************************
12:33:13	Request:{
	"TransactionID":"898979",
	"ReservationStart":"2019-06-24T15:30:00Z",
	"ReservationEnd":"2019-06-24T16:30:00Z",
	"CustomerName":"Neetu",
	"CustomerEmail":"defg@gmail.com",
	"CustomerTelephone":"04905955",
	"PlateNumber":"M747474",
	"TicketID":"5543234",
	"ParkingZoneID":"P1",
	"ParkingZoneName":"P1",
	"ParcxToken":"P2222"
}
12:33:13	Response:{"status":701,"message":"Unable To Process transaction","TransactionID":"898979"}
12:35:40	********************************Create********************************
12:35:40	Request:{
	"TransactionID":"898979",
	"ReservationStart":"2019-06-24T15:30:00Z",
	"ReservationEnd":"2019-06-24T16:30:00Z",
	"CustomerName":"Neetu",
	"CustomerEmail":"defg@gmail.com",
	"CustomerTelephone":"04905955",
	"PlateNumber":"M747474",
	"TicketID":"5543234",
	"ParkingZoneID":"P1",
	"ParkingZoneName":"P1",
	"ParcxToken":"P2222"
}
12:35:40	Response:{"status":701,"message":"Unable To Process transaction","TransactionID":"898979"}
12:39:04	********************************Create********************************
12:39:04	Request:{
	"TransactionID":"898979",
	"ReservationStart":"2019-06-24T15:30:00Z",
	"ReservationEnd":"2019-06-24T16:30:00Z",
	"CustomerName":"Neetu",
	"CustomerEmail":"defg@gmail.com",
	"CustomerTelephone":"04905955",
	"PlateNumber":"M747474",
	"TicketID":"5543234",
	"ParkingZoneID":"P1",
	"ParkingZoneName":"P1",
	"ParcxToken":"P2222"
}
12:39:04	Response:{"status":701,"message":"Unable To Process transaction","TransactionID":"898979"}
12:42:49	********************************Create********************************
12:42:49	Request:{
	"TransactionID":"898979",
	"ReservationStart":"2019-06-24T15:30:00Z",
	"ReservationEnd":"2019-06-24T16:30:00Z",
	"CustomerName":"Neetu",
	"CustomerEmail":"defg@gmail.com",
	"CustomerTelephone":"04905955",
	"PlateNumber":"M747474",
	"TicketID":"5543234",
	"ParkingZoneID":"P1",
	"ParkingZoneName":"P1",
	"ParcxToken":"P2222"
}
12:42:49	Response:{"status":200,"message":"Success","TransactionID":"898979"}
