13-04-2020 10:03:21:********************************Count********************************
13-04-2020 10:03:21:Select count(id) as count From parking_reservation where cancelFlag = 0 and ((fromTime <= '2020-04-10T14:00:00+05:00' and toTime >= '2020-04-13T17:00:00+05:00' and fromTime <= '2020-04-13T17:00:00+05:00' and toTime >= '2020-04-10T14:00:00+05:00') or (fromTime >= '2020-04-10T14:00:00+05:00' and toTime >= '2020-04-13T17:00:00+05:00' and fromTime <= '2020-04-13T17:00:00+05:00' and toTime >= '2020-04-10T14:00:00+05:00') or (fromTime >= '2020-04-10T14:00:00+05:00' and toTime <= '2020-04-13T17:00:00+05:00' and fromTime <= '2020-04-13T17:00:00+05:00' and toTime >= '2020-04-10T14:00:00+05:00') or (fromTime <= '2020-04-10T14:00:00+05:00' and toTime <= '2020-04-13T17:00:00+05:00' and fromTime <= '2020-04-13T17:00:00+05:00' and toTime >= '2020-04-10T14:00:00+05:00')) and parkingSlot = 'P1'
13-04-2020 10:03:21:Unknown column 'cancelFlag' in 'where clause'
13-04-2020 10:03:21:Catch: 701 Unable To Process transaction
13-04-2020 10:10:18:********************************Create********************************
13-04-2020 10:10:18:Transaction ID:898989
13-04-2020 10:10:18:Valid Data
13-04-2020 10:10:18:Response : 200 Success
13-04-2020 10:10:27:********************************Count********************************
13-04-2020 10:10:27:Select count(id) as count From parking_reservation where cancelFlag = 0 and ((fromTime <= '2020-04-10T14:00:00+05:00' and toTime >= '2020-04-13T17:00:00+05:00' and fromTime <= '2020-04-13T17:00:00+05:00' and toTime >= '2020-04-10T14:00:00+05:00') or (fromTime >= '2020-04-10T14:00:00+05:00' and toTime >= '2020-04-13T17:00:00+05:00' and fromTime <= '2020-04-13T17:00:00+05:00' and toTime >= '2020-04-10T14:00:00+05:00') or (fromTime >= '2020-04-10T14:00:00+05:00' and toTime <= '2020-04-13T17:00:00+05:00' and fromTime <= '2020-04-13T17:00:00+05:00' and toTime >= '2020-04-10T14:00:00+05:00') or (fromTime <= '2020-04-10T14:00:00+05:00' and toTime <= '2020-04-13T17:00:00+05:00' and fromTime <= '2020-04-13T17:00:00+05:00' and toTime >= '2020-04-10T14:00:00+05:00')) and parkingSlot = 'P1'
13-04-2020 10:10:27:Response : 200 Success
13-04-2020 10:10:27:Count  : 1
13-04-2020 10:10:27:********************************Count********************************
13-04-2020 10:10:27:Select count(id) as count From parking_reservation where cancelFlag = 0 and ((fromTime <= '2020-04-10T14:00:00+05:00' and toTime >= '2020-04-13T17:00:00+05:00' and fromTime <= '2020-04-13T17:00:00+05:00' and toTime >= '2020-04-10T14:00:00+05:00') or (fromTime >= '2020-04-10T14:00:00+05:00' and toTime >= '2020-04-13T17:00:00+05:00' and fromTime <= '2020-04-13T17:00:00+05:00' and toTime >= '2020-04-10T14:00:00+05:00') or (fromTime >= '2020-04-10T14:00:00+05:00' and toTime <= '2020-04-13T17:00:00+05:00' and fromTime <= '2020-04-13T17:00:00+05:00' and toTime >= '2020-04-10T14:00:00+05:00') or (fromTime <= '2020-04-10T14:00:00+05:00' and toTime <= '2020-04-13T17:00:00+05:00' and fromTime <= '2020-04-13T17:00:00+05:00' and toTime >= '2020-04-10T14:00:00+05:00')) and parkingSlot = 'P1'
13-04-2020 10:10:27:Response : 200 Success
13-04-2020 10:10:27:Count  : 1
13-04-2020 10:10:45:********************************Create********************************
13-04-2020 10:10:45:Transaction ID:898989
13-04-2020 10:10:45:Invalid Data
13-04-2020 10:10:45:Response : 702 Invalid Data
13-04-2020 10:11:32:********************************Create********************************
13-04-2020 10:11:32:Transaction ID:898989
13-04-2020 10:11:32:Valid Data
13-04-2020 10:11:32:Response : 200 Success
13-04-2020 10:11:48:********************************Create********************************
13-04-2020 10:11:48:Transaction ID:898989
13-04-2020 10:11:48:Valid Data
13-04-2020 10:11:48:Response : 200 Success
13-04-2020 19:58:00:********************************Create********************************
13-04-2020 19:58:00:Transaction ID:898979
13-04-2020 19:58:00:Valid Data
13-04-2020 19:58:00:Response : 200 Success
13-04-2020 19:58:02:********************************Create********************************
13-04-2020 19:58:02:Transaction ID:898979
13-04-2020 19:58:02:Valid Data
13-04-2020 19:58:02:Response : 200 Success
13-04-2020 19:58:02:********************************Create********************************
13-04-2020 19:58:02:Transaction ID:898979
13-04-2020 19:58:02:Valid Data
13-04-2020 19:58:02:Response : 200 Success
13-04-2020 19:58:03:********************************Create********************************
13-04-2020 19:58:03:Transaction ID:898979
13-04-2020 19:58:03:Valid Data
13-04-2020 19:58:03:Response : 200 Success
13-04-2020 20:08:13:********************************Create********************************
13-04-2020 20:08:13:Transaction ID:898979
13-04-2020 20:15:20:********************************Create********************************
13-04-2020 20:15:20:Transaction ID:898979
13-04-2020 20:15:24:********************************Create********************************
13-04-2020 20:15:24:Transaction ID:898979
13-04-2020 20:15:24:********************************Create********************************
13-04-2020 20:15:24:Transaction ID:898979
13-04-2020 20:15:25:********************************Create********************************
13-04-2020 20:15:25:Transaction ID:898979
13-04-2020 20:16:11:********************************Create********************************
13-04-2020 20:16:11:Transaction ID:
13-04-2020 20:16:11:********************************Create********************************
13-04-2020 20:16:11:Transaction ID:
13-04-2020 20:16:11:********************************Create********************************
13-04-2020 20:16:11:Transaction ID:
13-04-2020 20:16:11:********************************Create********************************
13-04-2020 20:16:12:Transaction ID:
13-04-2020 20:16:17:********************************Create********************************
13-04-2020 20:16:17:Transaction ID:
13-04-2020 20:16:47:********************************Create********************************
13-04-2020 20:16:47:Transaction ID:
13-04-2020 20:17:47:********************************Create********************************
13-04-2020 20:17:47:Transaction ID:
13-04-2020 20:18:55:********************************Create********************************
13-04-2020 20:18:55:Transaction ID:898979
13-04-2020 20:20:34:********************************Create********************************
13-04-2020 20:20:34:Transaction ID:898979
13-04-2020 20:20:35:********************************Create********************************
13-04-2020 20:20:35:Transaction ID:898979
13-04-2020 20:20:36:********************************Create********************************
13-04-2020 20:20:36:Transaction ID:898979
13-04-2020 20:22:47:********************************Create********************************
13-04-2020 20:22:47:Transaction ID:
13-04-2020 20:32:47:********************************Create********************************
13-04-2020 20:32:47:Transaction ID:
13-04-2020 20:48:50:********************************Create********************************
13-04-2020 20:48:50:Transaction ID:
13-04-2020 20:48:52:********************************Create********************************
13-04-2020 20:48:52:Transaction ID:
13-04-2020 20:48:52:********************************Create********************************
13-04-2020 20:48:52:Transaction ID:
13-04-2020 20:48:52:********************************Create********************************
13-04-2020 20:48:52:Transaction ID:
13-04-2020 20:48:57:********************************Create********************************
13-04-2020 20:48:57:Transaction ID:
13-04-2020 20:48:57:********************************Create********************************
13-04-2020 20:48:57:Transaction ID:
13-04-2020 20:48:57:********************************Create********************************
13-04-2020 20:48:57:Transaction ID:
13-04-2020 20:52:26:********************************Create********************************
13-04-2020 20:52:26:Transaction ID:898979
13-04-2020 20:52:29:********************************Create********************************
13-04-2020 20:52:29:Transaction ID:898979
13-04-2020 21:02:47:********************************Create********************************
13-04-2020 21:02:47:Transaction ID:
13-04-2020 21:32:47:********************************Create********************************
13-04-2020 21:32:47:Transaction ID:
13-04-2020 22:02:47:********************************Create********************************
13-04-2020 22:02:47:Transaction ID:
13-04-2020 22:03:25:********************************Create********************************
13-04-2020 22:03:25:Transaction ID:898979
13-04-2020 22:03:27:********************************Create********************************
13-04-2020 22:03:27:Transaction ID:898979
13-04-2020 22:08:12:********************************Create********************************
13-04-2020 22:08:12:Transaction ID:898979
13-04-2020 22:08:15:********************************Create********************************
13-04-2020 22:08:15:Transaction ID:898979
13-04-2020 22:11:54:********************************Create********************************
13-04-2020 22:11:54:Transaction ID:898979
13-04-2020 22:11:56:********************************Create********************************
13-04-2020 22:11:56:Transaction ID:898979
13-04-2020 22:17:28:********************************Create********************************
13-04-2020 22:17:28:Transaction ID:898979
13-04-2020 22:17:28:Valid Data
13-04-2020 22:17:28:Response : 200 Success
13-04-2020 22:23:53:********************************Create********************************
13-04-2020 22:23:53:Transaction ID:898979
13-04-2020 22:23:53:Valid Data
13-04-2020 22:23:53:Catch: 701 Unable To Process transaction.Duplicate Entry
13-04-2020 22:32:47:********************************Create********************************
13-04-2020 22:32:47:Transaction ID:
13-04-2020 22:32:47:Invalid Data
13-04-2020 22:32:47:Response : 702 Invalid Data
13-04-2020 22:52:18:********************************Create********************************
13-04-2020 22:52:18:Transaction ID:898979
13-04-2020 22:52:18:Valid Data
13-04-2020 22:52:18:Catch: 701 Unable To Process transaction.Duplicate Entry
13-04-2020 22:52:42:********************************Create********************************
13-04-2020 22:52:42:Transaction ID:898979
13-04-2020 22:52:42:Valid Data
13-04-2020 22:52:42:Catch: 701 Unable To Process transaction.Duplicate Entry
13-04-2020 22:52:54:********************************Create********************************
13-04-2020 22:52:54:Transaction ID:898979
13-04-2020 22:52:54:Valid Data
13-04-2020 22:52:54:Response : 200 Success
13-04-2020 22:56:54:********************************Create********************************
13-04-2020 22:56:54:Transaction ID:898979
13-04-2020 22:56:54:Valid Data
13-04-2020 22:56:54:Catch: 701 Unable To Process transaction.Duplicate Entry
13-04-2020 22:57:04:********************************Create********************************
13-04-2020 22:57:04:Transaction ID:898979
13-04-2020 22:57:04:Valid Data
13-04-2020 22:57:04:Catch: 701 Unable To Process transaction.Duplicate Entry
13-04-2020 22:57:06:********************************Create********************************
13-04-2020 22:57:06:Transaction ID:898979
13-04-2020 22:57:06:Valid Data
13-04-2020 22:57:06:Catch: 701 Unable To Process transaction.Duplicate Entry
13-04-2020 22:57:13:********************************Create********************************
13-04-2020 22:57:13:Transaction ID:898979
13-04-2020 22:57:13:Valid Data
13-04-2020 22:57:13:Catch: 701 Unable To Process transaction.Duplicate Entry
13-04-2020 22:57:14:********************************Create********************************
13-04-2020 22:57:14:Transaction ID:898979
13-04-2020 22:57:14:Valid Data
13-04-2020 22:57:14:Catch: 701 Unable To Process transaction.Duplicate Entry
13-04-2020 22:57:15:********************************Create********************************
13-04-2020 22:57:15:Transaction ID:898979
13-04-2020 22:57:15:Valid Data
13-04-2020 22:57:15:Catch: 701 Unable To Process transaction.Duplicate Entry
13-04-2020 22:59:48:********************************Create********************************
13-04-2020 22:59:48:Transaction ID:898979
13-04-2020 22:59:48:Valid Data
13-04-2020 22:59:48:SQL: Select id from parking_reservation where email = 'neetuvp@gmail.com' or ticket_id = '55432345' or (((fromTime <= '2020-04-14T15:30:00Z' and toTime >= '2020-04-14T16:30:00Z' and fromTime <= '2020-04-14T16:30:00Z' and toTime >= '2020-04-14T15:30:00Z') or (fromTime >= '2020-04-14T15:30:00Z' and toTime >= '2020-04-14T16:30:00Z' and fromTime <= '2020-04-14T16:30:00Z' and toTime >= '2020-04-14T15:30:00Z') or (fromTime >= '2020-04-14T15:30:00Z' and toTime <= '2020-04-14T16:30:00Z' and fromTime <= '2020-04-14T16:30:00Z' and toTime >= '2020-04-14T15:30:00Z') or (fromTime <= '2020-04-14T15:30:00Z' and toTime <= '2020-04-14T16:30:00Z' and fromTime <= '2020-04-14T16:30:00Z' and toTime >= '2020-04-14T15:30:00Z')) and parkingSlot = 'P2')
13-04-2020 22:59:48:Catch: 701 Unable To Process transaction.Duplicate Entry
13-04-2020 23:15:47:********************************Create********************************
13-04-2020 23:15:47:Transaction ID:898979
13-04-2020 23:15:47:Valid Data
13-04-2020 23:15:47:You have an error in your SQL syntax; check the manual that corresponds to your MariaDB server version for the right syntax to use near '' at line 1
13-04-2020 23:15:47:Catch: 701 Unable To Process transaction
13-04-2020 23:17:11:********************************Create********************************
13-04-2020 23:17:11:Transaction ID:898979
13-04-2020 23:17:11:Valid Data
13-04-2020 23:17:11:Catch: 701 Unable To Process transaction.Duplicate Entry
13-04-2020 23:17:41:********************************Search********************************
13-04-2020 23:17:41:Result:1
13-04-2020 23:17:41:hereee898979
13-04-2020 23:17:41:hereee898979
13-04-2020 23:17:41:hereee898979
13-04-2020 23:17:41:hereee898979
13-04-2020 23:17:41:hereee898979
13-04-2020 23:18:26:********************************Search********************************
13-04-2020 23:18:26:Result:1
13-04-2020 23:18:26:hereee898979
13-04-2020 23:18:26:hereee898979
13-04-2020 23:18:26:hereee898979
13-04-2020 23:18:26:hereee898979
13-04-2020 23:18:26:hereee898979
13-04-2020 23:19:04:********************************Search********************************
13-04-2020 23:19:04:Result:0
13-04-2020 23:19:04:Invalid Data
13-04-2020 23:19:04:Response : 702 Invalid Data
13-04-2020 23:24:49:********************************Search********************************
13-04-2020 23:24:49:Result:1
13-04-2020 23:24:49:Response : 704 No data available
13-04-2020 23:25:53:********************************Search********************************
13-04-2020 23:25:53:Result:1
13-04-2020 23:25:53:Response : 704 No data available
13-04-2020 23:25:54:********************************Search********************************
13-04-2020 23:25:54:Result:1
13-04-2020 23:25:54:Response : 704 No data available
13-04-2020 23:26:13:********************************Search********************************
13-04-2020 23:26:13:Result:1
13-04-2020 23:26:13:Response : 704 No data available
13-04-2020 23:26:45:********************************Search********************************
13-04-2020 23:26:45:Result:0
13-04-2020 23:26:45:Invalid Data
13-04-2020 23:26:45:Response : 702 Invalid Data
13-04-2020 23:31:33:********************************Search********************************
13-04-2020 23:31:33:Result:0
13-04-2020 23:31:33:Invalid Data
13-04-2020 23:31:33:Response : 702 Invalid Data
13-04-2020 23:31:35:********************************Search********************************
13-04-2020 23:31:35:Result:0
13-04-2020 23:31:35:Invalid Data
13-04-2020 23:31:35:Response : 702 Invalid Data
13-04-2020 23:31:36:********************************Search********************************
13-04-2020 23:31:36:Result:0
13-04-2020 23:31:36:Invalid Data
13-04-2020 23:31:36:Response : 702 Invalid Data
13-04-2020 23:34:17:********************************Search********************************
13-04-2020 23:34:17:Result:1
13-04-2020 23:34:17:Response : 704 No data available
13-04-2020 23:34:56:********************************Search********************************
13-04-2020 23:34:56:Result:1
13-04-2020 23:34:56:hereee898979
13-04-2020 23:34:56:hereee898979
13-04-2020 23:34:56:hereee898979
13-04-2020 23:34:56:hereee898979
13-04-2020 23:34:56:hereee898979
13-04-2020 23:34:56:hereee898979
13-04-2020 23:52:41:********************************Search********************************
13-04-2020 23:52:41:Result:1
13-04-2020 23:52:41:hereee898979
13-04-2020 23:52:41:hereee898979
13-04-2020 23:52:41:hereee898979
13-04-2020 23:52:41:hereee898979
13-04-2020 23:52:41:hereee898979
13-04-2020 23:52:41:hereee898979
13-04-2020 23:52:56:********************************Create********************************
13-04-2020 23:52:56:Transaction ID:898979
13-04-2020 23:54:59:********************************Create********************************
13-04-2020 23:54:59:Transaction ID:898979
