10-06-2021 11:40:47:********************************Create********************************
10-06-2021 11:40:47:Transaction ID:898979
10-06-2021 11:40:47:Valid Data
10-06-2021 11:40:47:Unknown column 'id' in 'field list'
10-06-2021 11:40:47:Catch: 701 Unable To Process transaction
10-06-2021 12:12:38:********************************Create********************************
10-06-2021 12:12:38:Transaction ID:898979
10-06-2021 12:12:38:Valid Data
10-06-2021 12:12:38:Unknown column 'id' in 'field list'
10-06-2021 12:12:38:Catch: 701 Unable To Process transaction
10-06-2021 12:12:39:********************************Create********************************
10-06-2021 12:12:39:Transaction ID:898979
10-06-2021 12:12:39:Valid Data
10-06-2021 12:12:39:Unknown column 'id' in 'field list'
10-06-2021 12:12:39:Catch: 701 Unable To Process transaction
10-06-2021 12:12:40:********************************Create********************************
10-06-2021 12:12:40:Transaction ID:898979
10-06-2021 12:12:40:Valid Data
10-06-2021 12:12:40:Unknown column 'id' in 'field list'
10-06-2021 12:12:40:Catch: 701 Unable To Process transaction
10-06-2021 12:12:41:********************************Create********************************
10-06-2021 12:12:41:Transaction ID:898979
10-06-2021 12:12:41:Valid Data
10-06-2021 12:12:41:Unknown column 'id' in 'field list'
10-06-2021 12:12:41:Catch: 701 Unable To Process transaction
10-06-2021 12:12:47:********************************Create********************************
10-06-2021 12:12:47:Transaction ID:898979
10-06-2021 12:12:47:Valid Data
10-06-2021 12:12:47:Unknown column 'id' in 'field list'
10-06-2021 12:12:47:Catch: 701 Unable To Process transaction
10-06-2021 12:12:48:********************************Create********************************
10-06-2021 12:12:48:Transaction ID:898979
10-06-2021 12:12:48:Valid Data
10-06-2021 12:12:48:Unknown column 'id' in 'field list'
10-06-2021 12:12:48:Catch: 701 Unable To Process transaction
10-06-2021 12:12:51:********************************Create********************************
10-06-2021 12:12:51:Transaction ID:898979
10-06-2021 12:12:51:Valid Data
10-06-2021 12:12:51:Unknown column 'id' in 'field list'
10-06-2021 12:12:51:Catch: 701 Unable To Process transaction
