14-04-2020 00:01:26:********************************Create********************************
14-04-2020 00:01:26:Transaction ID:898979
14-04-2020 00:02:58:********************************Create********************************
14-04-2020 00:02:58:Transaction ID:898979
14-04-2020 00:02:58:Invalid Data
14-04-2020 00:02:58:Response : 702 Invalid Data
14-04-2020 00:03:39:********************************Create********************************
14-04-2020 00:03:39:Transaction ID:898979
14-04-2020 00:03:39:Invalid Data
14-04-2020 00:03:39:Response : 702 Invalid Data
14-04-2020 00:04:35:********************************Create********************************
14-04-2020 00:04:35:Transaction ID:898979
14-04-2020 00:04:35:Invalid Data
14-04-2020 00:04:35:Response : 702 Invalid Data
14-04-2020 00:05:31:********************************Create********************************
14-04-2020 00:05:31:Transaction ID:898979
14-04-2020 00:06:40:********************************Create********************************
14-04-2020 00:06:40:Transaction ID:898979
14-04-2020 00:06:40:Invalid Data
14-04-2020 00:06:40:Response : 702 Invalid Data
14-04-2020 00:10:10:********************************Create********************************
14-04-2020 00:10:10:Transaction ID:898979
14-04-2020 00:10:10:Invalid Email
14-04-2020 00:10:10:Invalid Data
14-04-2020 00:10:10:Response : 702 Invalid Data
14-04-2020 00:11:08:********************************Create********************************
14-04-2020 00:11:08:Transaction ID:898979
14-04-2020 00:11:08:Invalid Emailneetuvp@gmail
14-04-2020 00:11:08:Invalid Data
14-04-2020 00:11:08:Response : 702 Invalid Data
14-04-2020 00:13:31:********************************Create********************************
14-04-2020 00:13:31:Transaction ID:898979
14-04-2020 00:13:31:Valid Data
14-04-2020 00:13:31:Catch: 701 Unable To Process transaction.Duplicate Entry
14-04-2020 00:13:44:********************************Create********************************
14-04-2020 00:13:44:Transaction ID:898979
14-04-2020 00:13:44:Valid Data
14-04-2020 00:13:44:Catch: 701 Unable To Process transaction.Duplicate Entry
14-04-2020 00:13:59:********************************Create********************************
14-04-2020 00:13:59:Transaction ID:898979
14-04-2020 00:13:59:Valid Data
14-04-2020 00:13:59:Catch: 701 Unable To Process transaction.Duplicate Entry
14-04-2020 00:14:05:********************************Create********************************
14-04-2020 00:14:05:Transaction ID:898979
14-04-2020 00:14:05:Valid Data
14-04-2020 00:14:05:Response : 200 Success
