11:30:08   ******************************************Log******************************************
11:30:08   Email Notification Request:{"email_attachment_included":"0","email_body_html":"Souq Al Mutahida:Cloud Upload Daemon Stopped.Immediate Action required</br>Souq Al Mutahida:Cloud Download DaemonStopped.Immediate Action required</br>Souq Al Mutahida:The current occupancy has reached the maximum threshold","email_body_plain_text":"","email_from_address":"parcx@alfalakme.com","email_from_name":"Parcx","email_subject":"Important Notice","email_to_address":"npillai@alfalakme.com","email_to_name":"Neetu","transaction_id":"20210905112057010256"}

11:30:08   Ids:702
11:30:08   Push Notification Curl Successful
11:30:08   Response:{"status_code":200,"status_message":"OK","transaction_id":"20210905112057010256"}
11:41:38   ******************************************Log******************************************
11:41:38   Email Notification Request:{"email_attachment_included":"0","email_body_html":"Souq Al Mutahida:Cloud Upload Daemon Stopped.Immediate Action required","email_body_plain_text":"","email_from_address":"parcx@alfalakme.com","email_from_name":"Parcx","email_subject":"Important Notice","email_to_address":"npillai@alfalakme.com","email_to_name":"Neetu","transaction_id":"20210905114004758691"}

11:41:38   Ids:703
11:41:39   Push Notification Curl Successful
11:41:39   Response:{"status_code":200,"status_message":"OK","transaction_id":"20210905114004758691"}
12:40:43   ******************************************Log******************************************
12:40:43   Email Notification Request:{"email_attachment_included":"0","email_body_html":"Souq Al Mutahida/Entry:Server Offline.Immediate Action required","email_body_plain_text":"","email_from_address":"parcx@alfalakme.com","email_from_name":"Parcx","email_subject":"Important Notice","email_to_address":"npillai@alfalakme.com","email_to_name":"Neetu","transaction_id":"20210905124011525551"}

12:40:43   Ids:705
12:40:44   Push Notification Curl Successful
12:40:44   Response:{"status_code":200,"status_message":"OK","transaction_id":"20210905124011525551"}
15:28:57   ******************************************Log******************************************
15:28:57   Email Notification Request:{"email_attachment_included":"0","email_body_html":"Dear Neetu,</br>Souq Al Mutahida/Entry:Server Offline.Immediate Action required","email_body_plain_text":"","email_from_address":"parcx@alfalakme.com","email_from_name":"Parcx","email_subject":"Important Notice","email_to_address":"npillai@alfalakme.com","email_to_name":"Neetu","transaction_id":"20210905152815840131"}

15:28:57   Ids:706
15:28:58   Push Notification Curl Successful
15:28:58   Response:{"status_code":200,"status_message":"OK","transaction_id":"20210905152815840131"}
16:01:12   ******************************************Log******************************************
16:01:12   Email Notification Request:{"email_attachment_included":"0","email_body_html":"Dear Neetu,</br><table><tr><th>Date</th><th>Facility/Carpark</th><th>Device</th><th>Alarm</th></tr><tr><td>05-09-2021 16:00:44</td><td>Souq Al Mutahida/Entry</td><td></td><td>Server Offline.Immediate Action required</td></tr>","email_body_plain_text":"","email_from_address":"parcx@alfalakme.com","email_from_name":"Parcx","email_subject":"Important Notice","email_to_address":"npillai@alfalakme.com","email_to_name":"Neetu","transaction_id":"20210905160044364682"}

16:01:12   Ids:707
16:01:12   Push Notification Curl Successful
16:01:12   Response:{"status_code":200,"status_message":"OK","transaction_id":"20210905160044364682"}
16:05:35   ******************************************Log******************************************
16:05:35   Email Notification Request:{"email_attachment_included":"0","email_body_html":"Dear Neetu,</br><table border=1><tr><th>Date</th><th>Facility/Carpark</th><th>Device</th><th>Alarm</th></tr><tr><td>05-09-2021 16:05:19</td><td>Souq Al Mutahida/Entry</td><td></td><td>Server Offline.Immediate Action required</td></tr>","email_body_plain_text":"","email_from_address":"parcx@alfalakme.com","email_from_name":"Parcx","email_subject":"Important Notice","email_to_address":"npillai@alfalakme.com","email_to_name":"Neetu","transaction_id":"20210905160519474435"}

16:05:35   Ids:708
16:05:35   Push Notification Curl Successful
16:05:35   Response:{"status_code":200,"status_message":"OK","transaction_id":"20210905160519474435"}
