09:19:38   ******************************************Log******************************************
09:19:38   Email Notification Request:{"email_attachment_included":"0","email_body_html":"Cloud Upload Daemon stopped running","email_body_plain_text":"","email_from_address":"parcx@gmail.com","email_from_name":"Parcx","email_subject":"200006:Attention Required","email_to_address":"neetuvp1989@gmail.com","email_to_name":"Neetu","transaction_id":"20000601110057754986"}

09:19:38   Ids:530
09:19:38   Push Notification Curl Successful
09:19:38   Response:
09:19:38   Email Notification Parse Error
09:19:38   EmailNotifications:Email Notification Parse Error
09:19:38   EmailNotifications:Response:
09:19:38   Email Notification Request:{"email_attachment_included":"0","email_body_html":"Cloud Upload Daemon stopped running","email_body_plain_text":"","email_from_address":"parcx@gmail.com","email_from_name":"Parcx","email_subject":"200006:Attention Required","email_to_address":"npillai@alfalakme.com","email_to_name":"Neetu","transaction_id":"20000601110057754986"}

09:19:38   Ids:531
09:19:38   Push Notification Curl Successful
09:19:38   Response:
09:19:38   Email Notification Parse Error
09:19:38   EmailNotifications:Email Notification Parse Error
09:19:38   EmailNotifications:Response:
09:19:38   Email Notification Request:{"email_attachment_included":"0","email_body_html":"Server Offline.Immediate Action required","email_body_plain_text":"","email_from_address":"parcx@gmail.com","email_from_name":"Parcx","email_subject":"200006:Server Offline","email_to_address":"neetuvp1989@gmail.com","email_to_name":"Neetu","transaction_id":"20000601110057754986"}

09:19:38   Ids:532
09:19:38   Push Notification Curl Successful
09:19:38   Response:
09:19:38   Email Notification Parse Error
09:19:38   EmailNotifications:Email Notification Parse Error
09:19:38   EmailNotifications:Response:
09:19:38   Email Notification Request:{"email_attachment_included":"0","email_body_html":"Server Offline.Immediate Action required","email_body_plain_text":"","email_from_address":"parcx@gmail.com","email_from_name":"Parcx","email_subject":"200006:Server Offline","email_to_address":"npillai@alfalakme.com","email_to_name":"Neetu","transaction_id":"20000601110057754986"}

09:19:38   Ids:533
09:19:38   Push Notification Curl Successful
09:19:38   Response:
09:19:38   Email Notification Parse Error
09:19:38   EmailNotifications:Email Notification Parse Error
09:19:38   EmailNotifications:Response:
10:21:06   ******************************************Log******************************************
10:21:06   Email Notification Request:{"email_attachment_included":"0","email_body_html":"Cloud Upload Daemon stopped running","email_body_plain_text":"","email_from_address":"parcx@gmail.com","email_from_name":"Parcx","email_subject":"200006:Attention Required","email_to_address":"neetuvp1989@gmail.com","email_to_name":"Neetu","transaction_id":"20000601110057754986"}

10:21:06   Ids:530
10:21:06   Push Notification Curl Successful
10:21:06   Response:
10:21:06   Email Notification Parse Error
10:21:06   EmailNotifications:Email Notification Parse Error
10:21:06   EmailNotifications:Response:
10:21:06   Email Notification Request:{"email_attachment_included":"0","email_body_html":"Cloud Upload Daemon stopped running","email_body_plain_text":"","email_from_address":"parcx@gmail.com","email_from_name":"Parcx","email_subject":"200006:Attention Required","email_to_address":"npillai@alfalakme.com","email_to_name":"Neetu","transaction_id":"20000601110057754986"}

10:21:06   Ids:531
10:21:06   Push Notification Curl Successful
10:21:06   Response:
10:21:06   Email Notification Parse Error
10:21:06   EmailNotifications:Email Notification Parse Error
10:21:06   EmailNotifications:Response:
10:21:06   Email Notification Request:{"email_attachment_included":"0","email_body_html":"Server Offline.Immediate Action required","email_body_plain_text":"","email_from_address":"parcx@gmail.com","email_from_name":"Parcx","email_subject":"200006:Server Offline","email_to_address":"neetuvp1989@gmail.com","email_to_name":"Neetu","transaction_id":"20000601110057754986"}

10:21:06   Ids:532
10:21:06   Push Notification Curl Successful
10:21:06   Response:
10:21:06   Email Notification Parse Error
10:21:06   EmailNotifications:Email Notification Parse Error
10:21:06   EmailNotifications:Response:
10:21:06   Email Notification Request:{"email_attachment_included":"0","email_body_html":"Server Offline.Immediate Action required","email_body_plain_text":"","email_from_address":"parcx@gmail.com","email_from_name":"Parcx","email_subject":"200006:Server Offline","email_to_address":"npillai@alfalakme.com","email_to_name":"Neetu","transaction_id":"20000601110057754986"}

10:21:06   Ids:533
10:21:06   Push Notification Curl Successful
10:21:06   Response:
10:21:06   Email Notification Parse Error
10:21:06   EmailNotifications:Email Notification Parse Error
10:21:06   EmailNotifications:Response:
10:23:17   ******************************************Log******************************************
10:23:17   Email Notification Request:{"email_attachment_included":"0","email_body_html":"Cloud Upload Daemon stopped running","email_body_plain_text":"","email_from_address":"parcx@gmail.com","email_from_name":"Parcx","email_subject":"200006:Attention Required","email_to_address":"neetuvp1989@gmail.com","email_to_name":"Neetu","transaction_id":"20000601110057754986"}

10:23:17   Ids:530
10:23:18   Push Notification Curl Successful
10:23:18   Response:{"status_code":503,"status_message":"FAILED","description":"SMTP Error: data not accepted.SMTP server error: DATA END command failed Detail: Message rejected: Email address is not verified. The following identities failed the check in region AP-SOUTH-1: parcx@gmail.com, Parcx <parcx@gmail.com>\r\n SMTP code: 554","transaction_id":"20000601110057754986"}
10:23:18   Email Notification Request:{"description":"SMTP Error: data not accepted.SMTP server error: DATA END command failed Detail: Message rejected: Email address is not verified. The following identities failed the check in region AP-SOUTH-1: parcx@gmail.com, Parcx <parcx@gmail.com>\r\n SMTP code: 554","email_attachment_included":"0","email_body_html":"Cloud Upload Daemon stopped running","email_body_plain_text":"","email_from_address":"parcx@gmail.com","email_from_name":"Parcx","email_subject":"200006:Attention Required","email_to_address":"npillai@alfalakme.com","email_to_name":"Neetu","status_code":503,"status_message":"FAILED","transaction_id":"20000601110057754986"}

10:23:18   Ids:531
10:23:19   Push Notification Curl Successful
10:23:19   Response:{"status_code":503,"status_message":"FAILED","description":"SMTP Error: data not accepted.SMTP server error: DATA END command failed Detail: Message rejected: Email address is not verified. The following identities failed the check in region AP-SOUTH-1: parcx@gmail.com, Parcx <parcx@gmail.com>\r\n SMTP code: 554","transaction_id":"20000601110057754986"}
10:23:19   Email Notification Request:{"description":"SMTP Error: data not accepted.SMTP server error: DATA END command failed Detail: Message rejected: Email address is not verified. The following identities failed the check in region AP-SOUTH-1: parcx@gmail.com, Parcx <parcx@gmail.com>\r\n SMTP code: 554","email_attachment_included":"0","email_body_html":"Server Offline.Immediate Action required","email_body_plain_text":"","email_from_address":"parcx@gmail.com","email_from_name":"Parcx","email_subject":"200006:Server Offline","email_to_address":"neetuvp1989@gmail.com","email_to_name":"Neetu","status_code":503,"status_message":"FAILED","transaction_id":"20000601110057754986"}

10:23:19   Ids:532
10:23:20   Push Notification Curl Successful
10:23:20   Response:{"status_code":503,"status_message":"FAILED","description":"SMTP Error: data not accepted.SMTP server error: DATA END command failed Detail: Message rejected: Email address is not verified. The following identities failed the check in region AP-SOUTH-1: parcx@gmail.com, Parcx <parcx@gmail.com>\r\n SMTP code: 554","transaction_id":"20000601110057754986"}
10:23:20   Email Notification Request:{"description":"SMTP Error: data not accepted.SMTP server error: DATA END command failed Detail: Message rejected: Email address is not verified. The following identities failed the check in region AP-SOUTH-1: parcx@gmail.com, Parcx <parcx@gmail.com>\r\n SMTP code: 554","email_attachment_included":"0","email_body_html":"Server Offline.Immediate Action required","email_body_plain_text":"","email_from_address":"parcx@gmail.com","email_from_name":"Parcx","email_subject":"200006:Server Offline","email_to_address":"npillai@alfalakme.com","email_to_name":"Neetu","status_code":503,"status_message":"FAILED","transaction_id":"20000601110057754986"}

10:23:20   Ids:533
10:23:21   Push Notification Curl Successful
10:23:21   Response:{"status_code":503,"status_message":"FAILED","description":"SMTP Error: data not accepted.SMTP server error: DATA END command failed Detail: Message rejected: Email address is not verified. The following identities failed the check in region AP-SOUTH-1: parcx@gmail.com, Parcx <parcx@gmail.com>\r\n SMTP code: 554","transaction_id":"20000601110057754986"}
10:25:36   ******************************************Log******************************************
10:25:36   Email Notification Request:{"email_attachment_included":"0","email_body_html":"Cloud Upload Daemon stopped running","email_body_plain_text":"","email_from_address":"parcxafme@gmail.com","email_from_name":"Parcx","email_subject":"200006:Attention Required","email_to_address":"neetuvp1989@gmail.com","email_to_name":"Neetu","transaction_id":"20000601110057754986"}

10:25:36   Ids:530
10:25:37   Push Notification Curl Successful
10:25:37   Response:{"status_code":503,"status_message":"FAILED","description":"SMTP Error: data not accepted.SMTP server error: DATA END command failed Detail: Message rejected: Email address is not verified. The following identities failed the check in region AP-SOUTH-1: parcxafme@gmail.com, Parcx <parcxafme@gmail.com>\r\n SMTP code: 554","transaction_id":"20000601110057754986"}
10:25:37   Email Notification Request:{"description":"SMTP Error: data not accepted.SMTP server error: DATA END command failed Detail: Message rejected: Email address is not verified. The following identities failed the check in region AP-SOUTH-1: parcxafme@gmail.com, Parcx <parcxafme@gmail.com>\r\n SMTP code: 554","email_attachment_included":"0","email_body_html":"Cloud Upload Daemon stopped running","email_body_plain_text":"","email_from_address":"parcxafme@gmail.com","email_from_name":"Parcx","email_subject":"200006:Attention Required","email_to_address":"npillai@alfalakme.com","email_to_name":"Neetu","status_code":503,"status_message":"FAILED","transaction_id":"20000601110057754986"}

10:25:37   Ids:531
10:25:38   Push Notification Curl Successful
10:25:38   Response:{"status_code":503,"status_message":"FAILED","description":"SMTP Error: data not accepted.SMTP server error: DATA END command failed Detail: Message rejected: Email address is not verified. The following identities failed the check in region AP-SOUTH-1: parcxafme@gmail.com, Parcx <parcxafme@gmail.com>\r\n SMTP code: 554","transaction_id":"20000601110057754986"}
10:25:38   Email Notification Request:{"description":"SMTP Error: data not accepted.SMTP server error: DATA END command failed Detail: Message rejected: Email address is not verified. The following identities failed the check in region AP-SOUTH-1: parcxafme@gmail.com, Parcx <parcxafme@gmail.com>\r\n SMTP code: 554","email_attachment_included":"0","email_body_html":"Server Offline.Immediate Action required","email_body_plain_text":"","email_from_address":"parcxafme@gmail.com","email_from_name":"Parcx","email_subject":"200006:Server Offline","email_to_address":"neetuvp1989@gmail.com","email_to_name":"Neetu","status_code":503,"status_message":"FAILED","transaction_id":"20000601110057754986"}

10:25:38   Ids:532
10:25:39   Push Notification Curl Successful
10:25:39   Response:{"status_code":503,"status_message":"FAILED","description":"SMTP Error: data not accepted.SMTP server error: DATA END command failed Detail: Message rejected: Email address is not verified. The following identities failed the check in region AP-SOUTH-1: parcxafme@gmail.com, Parcx <parcxafme@gmail.com>\r\n SMTP code: 554","transaction_id":"20000601110057754986"}
10:25:39   Email Notification Request:{"description":"SMTP Error: data not accepted.SMTP server error: DATA END command failed Detail: Message rejected: Email address is not verified. The following identities failed the check in region AP-SOUTH-1: parcxafme@gmail.com, Parcx <parcxafme@gmail.com>\r\n SMTP code: 554","email_attachment_included":"0","email_body_html":"Server Offline.Immediate Action required","email_body_plain_text":"","email_from_address":"parcxafme@gmail.com","email_from_name":"Parcx","email_subject":"200006:Server Offline","email_to_address":"npillai@alfalakme.com","email_to_name":"Neetu","status_code":503,"status_message":"FAILED","transaction_id":"20000601110057754986"}

10:25:39   Ids:533
10:25:39   Push Notification Curl Successful
10:25:39   Response:{"status_code":503,"status_message":"FAILED","description":"SMTP Error: data not accepted.SMTP server error: DATA END command failed Detail: Message rejected: Email address is not verified. The following identities failed the check in region AP-SOUTH-1: parcxafme@gmail.com, Parcx <parcxafme@gmail.com>\r\n SMTP code: 554","transaction_id":"20000601110057754986"}
10:27:05   ******************************************Log******************************************
10:27:05   Email Notification Request:{"email_attachment_included":"0","email_body_html":"Cloud Upload Daemon stopped running","email_body_plain_text":"","email_from_address":"neetuvp1989@gmail.com","email_from_name":"Parcx","email_subject":"200006:Attention Required","email_to_address":"neetuvp1989@gmail.com","email_to_name":"Neetu","transaction_id":"20000601110057754986"}

10:27:05   Ids:530
10:27:05   Push Notification Curl Successful
10:27:05   Response:{"status_code":503,"status_message":"FAILED","description":"SMTP Error: data not accepted.SMTP server error: DATA END command failed Detail: Message rejected: Email address is not verified. The following identities failed the check in region AP-SOUTH-1: Parcx <neetuvp1989@gmail.com>, neetuvp1989@gmail.com\r\n SMTP code: 554","transaction_id":"20000601110057754986"}
10:27:05   Email Notification Request:{"description":"SMTP Error: data not accepted.SMTP server error: DATA END command failed Detail: Message rejected: Email address is not verified. The following identities failed the check in region AP-SOUTH-1: Parcx <neetuvp1989@gmail.com>, neetuvp1989@gmail.com\r\n SMTP code: 554","email_attachment_included":"0","email_body_html":"Cloud Upload Daemon stopped running","email_body_plain_text":"","email_from_address":"neetuvp1989@gmail.com","email_from_name":"Parcx","email_subject":"200006:Attention Required","email_to_address":"npillai@alfalakme.com","email_to_name":"Neetu","status_code":503,"status_message":"FAILED","transaction_id":"20000601110057754986"}

10:27:05   Ids:531
10:27:06   Push Notification Curl Successful
10:27:06   Response:{"status_code":503,"status_message":"FAILED","description":"SMTP Error: data not accepted.SMTP server error: DATA END command failed Detail: Message rejected: Email address is not verified. The following identities failed the check in region AP-SOUTH-1: Parcx <neetuvp1989@gmail.com>, neetuvp1989@gmail.com\r\n SMTP code: 554","transaction_id":"20000601110057754986"}
10:27:06   Email Notification Request:{"description":"SMTP Error: data not accepted.SMTP server error: DATA END command failed Detail: Message rejected: Email address is not verified. The following identities failed the check in region AP-SOUTH-1: Parcx <neetuvp1989@gmail.com>, neetuvp1989@gmail.com\r\n SMTP code: 554","email_attachment_included":"0","email_body_html":"Server Offline.Immediate Action required","email_body_plain_text":"","email_from_address":"neetuvp1989@gmail.com","email_from_name":"Parcx","email_subject":"200006:Server Offline","email_to_address":"neetuvp1989@gmail.com","email_to_name":"Neetu","status_code":503,"status_message":"FAILED","transaction_id":"20000601110057754986"}

10:27:06   Ids:532
10:27:07   Push Notification Curl Successful
10:27:07   Response:{"status_code":503,"status_message":"FAILED","description":"SMTP Error: data not accepted.SMTP server error: DATA END command failed Detail: Message rejected: Email address is not verified. The following identities failed the check in region AP-SOUTH-1: Parcx <neetuvp1989@gmail.com>, neetuvp1989@gmail.com\r\n SMTP code: 554","transaction_id":"20000601110057754986"}
10:27:07   Email Notification Request:{"description":"SMTP Error: data not accepted.SMTP server error: DATA END command failed Detail: Message rejected: Email address is not verified. The following identities failed the check in region AP-SOUTH-1: Parcx <neetuvp1989@gmail.com>, neetuvp1989@gmail.com\r\n SMTP code: 554","email_attachment_included":"0","email_body_html":"Server Offline.Immediate Action required","email_body_plain_text":"","email_from_address":"neetuvp1989@gmail.com","email_from_name":"Parcx","email_subject":"200006:Server Offline","email_to_address":"npillai@alfalakme.com","email_to_name":"Neetu","status_code":503,"status_message":"FAILED","transaction_id":"20000601110057754986"}

10:27:07   Ids:533
10:27:08   Push Notification Curl Successful
10:27:08   Response:{"status_code":503,"status_message":"FAILED","description":"SMTP Error: data not accepted.SMTP server error: DATA END command failed Detail: Message rejected: Email address is not verified. The following identities failed the check in region AP-SOUTH-1: Parcx <neetuvp1989@gmail.com>, neetuvp1989@gmail.com\r\n SMTP code: 554","transaction_id":"20000601110057754986"}
10:28:55   ******************************************Log******************************************
10:28:55   Email Notification Request:{"email_attachment_included":"0","email_body_html":"Cloud Upload Daemon stopped running","email_body_plain_text":"","email_from_address":"parcx@alfalakme.com","email_from_name":"Parcx","email_subject":"200006:Attention Required","email_to_address":"neetuvp1989@gmail.com","email_to_name":"Neetu","transaction_id":"20000601110057754986"}

10:28:55   Ids:530
10:28:56   Push Notification Curl Successful
10:28:56   Response:{"status_code":200,"status_message":"OK","transaction_id":"20000601110057754986"}
10:28:56   Email Notification Request:{"email_attachment_included":"0","email_body_html":"Cloud Upload Daemon stopped running","email_body_plain_text":"","email_from_address":"parcx@alfalakme.com","email_from_name":"Parcx","email_subject":"200006:Attention Required","email_to_address":"npillai@alfalakme.com","email_to_name":"Neetu","status_code":200,"status_message":"OK","transaction_id":"20000601110057754986"}

10:28:56   Ids:531
10:28:57   Push Notification Curl Successful
10:28:57   Response:{"status_code":200,"status_message":"OK","transaction_id":"20000601110057754986"}
10:28:57   Email Notification Request:{"email_attachment_included":"0","email_body_html":"Server Offline.Immediate Action required","email_body_plain_text":"","email_from_address":"parcx@alfalakme.com","email_from_name":"Parcx","email_subject":"200006:Server Offline","email_to_address":"neetuvp1989@gmail.com","email_to_name":"Neetu","status_code":200,"status_message":"OK","transaction_id":"20000601110057754986"}

10:28:57   Ids:532
10:28:57   Push Notification Curl Successful
10:28:57   Response:{"status_code":200,"status_message":"OK","transaction_id":"20000601110057754986"}
10:28:57   Email Notification Request:{"email_attachment_included":"0","email_body_html":"Server Offline.Immediate Action required","email_body_plain_text":"","email_from_address":"parcx@alfalakme.com","email_from_name":"Parcx","email_subject":"200006:Server Offline","email_to_address":"npillai@alfalakme.com","email_to_name":"Neetu","status_code":200,"status_message":"OK","transaction_id":"20000601110057754986"}

10:28:57   Ids:533
10:28:58   Push Notification Curl Successful
10:28:58   Response:{"status_code":200,"status_message":"OK","transaction_id":"20000601110057754986"}
10:33:42   ******************************************Log******************************************
10:33:42   Email Notification Request:{"email_attachment_included":"0","email_body_html":"Server Offline.Immediate Action required","email_body_plain_text":"","email_from_address":"parcx@alfalakme.com","email_from_name":"Parcx","email_subject":"200006:Server Offline","email_to_address":"neetuvp1989@gmail.com","email_to_name":"Neetu","transaction_id":"20000601110057754986"}

10:33:42   Ids:532
10:33:43   Push Notification Curl Successful
10:33:43   Response:{"status_code":200,"status_message":"OK","transaction_id":"20000601110057754986"}
12:47:12   ******************************************Log******************************************
12:47:12   Email Notification Request:{"email_attachment_included":"0","email_body_html":"Cloud Upload Daemon stopped running","email_body_plain_text":"","email_from_address":"parcx@alfalakme.com","email_from_name":"Parcx","email_subject":"Attention Required:200006","email_to_address":"neetuvp1989@gmail.com","email_to_name":"Neetu","transaction_id":"20210818124629862720"}

12:47:12   Ids:1
12:47:12   Push Notification Curl Successful
12:47:12   Response:{"status_code":200,"status_message":"OK","transaction_id":"20210818124629862720"}
12:47:12   Email Notification Request:{"email_attachment_included":"0","email_body_html":"Cloud Upload Daemon stopped running","email_body_plain_text":"","email_from_address":"parcx@alfalakme.com","email_from_name":"Parcx","email_subject":"Attention Required:200006","email_to_address":"npillai@alfalakme.com","email_to_name":"Neetu","status_code":200,"status_message":"OK","transaction_id":"20210818124629882182"}

12:47:12   Ids:2
12:47:13   Push Notification Curl Successful
12:47:13   Response:{"status_code":200,"status_message":"OK","transaction_id":"20210818124629882182"}
12:47:13   Email Notification Request:{"email_attachment_included":"0","email_body_html":"Server Offline.Immediate Action required","email_body_plain_text":"","email_from_address":"parcx@alfalakme.com","email_from_name":"Parcx","email_subject":"Server Offline:200006","email_to_address":"neetuvp1989@gmail.com","email_to_name":"Neetu","status_code":200,"status_message":"OK","transaction_id":"20210818124629914702"}

12:47:13   Ids:3
12:47:13   Push Notification Curl Successful
12:47:13   Response:{"status_code":200,"status_message":"OK","transaction_id":"20210818124629914702"}
12:47:13   Email Notification Request:{"email_attachment_included":"0","email_body_html":"Server Offline.Immediate Action required","email_body_plain_text":"","email_from_address":"parcx@alfalakme.com","email_from_name":"Parcx","email_subject":"Server Offline:200006","email_to_address":"npillai@alfalakme.com","email_to_name":"Neetu","status_code":200,"status_message":"OK","transaction_id":"20210818124629940751"}

12:47:13   Ids:4
12:47:14   Push Notification Curl Successful
12:47:14   Response:{"status_code":200,"status_message":"OK","transaction_id":"20210818124629940751"}
13:13:53   ******************************************Log******************************************
13:13:53   Email Notification Request:{"email_attachment_included":"0","email_body_html":"Cloud Upload Stopped.Immediate Action required","email_body_plain_text":"","email_from_address":"parcx@alfalakme.com","email_from_name":"Parcx","email_subject":"Cloud Upload Stopped:200006","email_to_address":"neetuvp1989@gmail.com","email_to_name":"Neetu","transaction_id":"20210818130848905625"}

13:13:53   Ids:5
13:13:53   Push Notification Curl Successful
13:13:53   Response:{"status_code":200,"status_message":"OK","transaction_id":"20210818130848905625"}
13:13:53   Email Notification Request:{"email_attachment_included":"0","email_body_html":"Cloud Upload Stopped.Immediate Action required","email_body_plain_text":"","email_from_address":"parcx@alfalakme.com","email_from_name":"Parcx","email_subject":"Cloud Upload Stopped:200006","email_to_address":"npillai@alfalakme.com","email_to_name":"Neetu","status_code":200,"status_message":"OK","transaction_id":"20210818130848924511"}

13:13:53   Ids:6
13:13:53   Push Notification Curl Successful
13:13:53   Response:{"status_code":200,"status_message":"OK","transaction_id":"20210818130848924511"}
13:13:53   Email Notification Request:{"email_attachment_included":"0","email_body_html":"Server Offline.Immediate Action required","email_body_plain_text":"","email_from_address":"parcx@alfalakme.com","email_from_name":"Parcx","email_subject":"Server Offline:200006","email_to_address":"neetuvp1989@gmail.com","email_to_name":"Neetu","status_code":200,"status_message":"OK","transaction_id":"20210818130848952702"}

13:13:53   Ids:7
13:13:54   Push Notification Curl Successful
13:13:54   Response:{"status_code":200,"status_message":"OK","transaction_id":"20210818130848952702"}
13:13:54   Email Notification Request:{"email_attachment_included":"0","email_body_html":"Server Offline.Immediate Action required","email_body_plain_text":"","email_from_address":"parcx@alfalakme.com","email_from_name":"Parcx","email_subject":"Server Offline:200006","email_to_address":"npillai@alfalakme.com","email_to_name":"Neetu","status_code":200,"status_message":"OK","transaction_id":"20210818130848974296"}

13:13:54   Ids:8
13:13:54   Push Notification Curl Successful
13:13:54   Response:{"status_code":200,"status_message":"OK","transaction_id":"20210818130848974296"}
13:15:31   ******************************************Log******************************************
13:15:31   Email Notification Request:{"email_attachment_included":"0","email_body_html":"Cloud Upload Stopped.Immediate Action required","email_body_plain_text":"","email_from_address":"parcx@alfalakme.com","email_from_name":"Parcx","email_subject":"Cloud Upload Stopped:200006","email_to_address":"neetuvp1989@gmail.com","email_to_name":"Neetu","transaction_id":"20210818131425906138"}

13:15:31   Ids:9
13:15:31   Push Notification Curl Successful
13:15:31   Response:{"status_code":200,"status_message":"OK","transaction_id":"20210818131425906138"}
13:15:31   Email Notification Request:{"email_attachment_included":"0","email_body_html":"Cloud Upload Stopped.Immediate Action required","email_body_plain_text":"","email_from_address":"parcx@alfalakme.com","email_from_name":"Parcx","email_subject":"Cloud Upload Stopped:200006","email_to_address":"npillai@alfalakme.com","email_to_name":"Neetu","status_code":200,"status_message":"OK","transaction_id":"20210818131425930885"}

13:15:31   Ids:10
13:15:32   Push Notification Curl Successful
13:15:32   Response:{"status_code":200,"status_message":"OK","transaction_id":"20210818131425930885"}
13:15:32   Email Notification Request:{"email_attachment_included":"0","email_body_html":"Server Offline.Immediate Action required","email_body_plain_text":"","email_from_address":"parcx@alfalakme.com","email_from_name":"Parcx","email_subject":"Server Offline:200006","email_to_address":"neetuvp1989@gmail.com","email_to_name":"Neetu","status_code":200,"status_message":"OK","transaction_id":"20210818131425962013"}

13:15:32   Ids:11
13:15:32   Push Notification Curl Successful
13:15:32   Response:{"status_code":200,"status_message":"OK","transaction_id":"20210818131425962013"}
13:15:32   Email Notification Request:{"email_attachment_included":"0","email_body_html":"Server Offline.Immediate Action required","email_body_plain_text":"","email_from_address":"parcx@alfalakme.com","email_from_name":"Parcx","email_subject":"Server Offline:200006","email_to_address":"npillai@alfalakme.com","email_to_name":"Neetu","status_code":200,"status_message":"OK","transaction_id":"20210818131425981410"}

13:15:32   Ids:12
13:15:32   Push Notification Curl Successful
13:15:32   Response:{"status_code":200,"status_message":"OK","transaction_id":"20210818131425981410"}
13:16:18   ******************************************Log******************************************
13:16:18   Email Notification Request:{"email_attachment_included":"0","email_body_html":"Cloud Upload Stopped.Immediate Action required","email_body_plain_text":"","email_from_address":"parcx@alfalakme.com","email_from_name":"Parcx","email_subject":"Cloud Upload Stopped:200006","email_to_address":"neetuvp1989@gmail.com","email_to_name":"Neetu","transaction_id":"20210818131548258193"}

13:16:18   Ids:13
13:16:19   Push Notification Curl Successful
13:16:19   Response:{"status_code":200,"status_message":"OK","transaction_id":"20210818131548258193"}
13:16:19   Email Notification Request:{"email_attachment_included":"0","email_body_html":"Cloud Upload Stopped.Immediate Action required","email_body_plain_text":"","email_from_address":"parcx@alfalakme.com","email_from_name":"Parcx","email_subject":"Cloud Upload Stopped:200006","email_to_address":"npillai@alfalakme.com","email_to_name":"Neetu","status_code":200,"status_message":"OK","transaction_id":"20210818131548277809"}

13:16:19   Ids:14
13:16:19   Push Notification Curl Successful
13:16:19   Response:{"status_code":200,"status_message":"OK","transaction_id":"20210818131548277809"}
13:16:19   Email Notification Request:{"email_attachment_included":"0","email_body_html":"Cloud Download Stopped.Immediate Action required","email_body_plain_text":"","email_from_address":"parcx@alfalakme.com","email_from_name":"Parcx","email_subject":"Cloud Download Stopped:200006","email_to_address":"neetuvp1989@gmail.com","email_to_name":"Neetu","status_code":200,"status_message":"OK","transaction_id":"20210818131548296914"}

13:16:19   Ids:15
13:16:20   Push Notification Curl Successful
13:16:20   Response:{"status_code":200,"status_message":"OK","transaction_id":"20210818131548296914"}
13:16:20   Email Notification Request:{"email_attachment_included":"0","email_body_html":"Cloud Download Stopped.Immediate Action required","email_body_plain_text":"","email_from_address":"parcx@alfalakme.com","email_from_name":"Parcx","email_subject":"Cloud Download Stopped:200006","email_to_address":"npillai@alfalakme.com","email_to_name":"Neetu","status_code":200,"status_message":"OK","transaction_id":"20210818131548314365"}

13:16:20   Ids:16
13:16:20   Push Notification Curl Successful
13:16:20   Response:{"status_code":200,"status_message":"OK","transaction_id":"20210818131548314365"}
13:16:20   Email Notification Request:{"email_attachment_included":"0","email_body_html":"Server Offline.Immediate Action required","email_body_plain_text":"","email_from_address":"parcx@alfalakme.com","email_from_name":"Parcx","email_subject":"Server Offline:200006","email_to_address":"neetuvp1989@gmaile.com","email_to_name":"Neetu","status_code":200,"status_message":"OK","transaction_id":"20210818131548333559"}

13:16:20   Ids:17
13:16:20   Push Notification Curl Successful
13:16:20   Response:{"status_code":200,"status_message":"OK","transaction_id":"20210818131548333559"}
13:16:20   Email Notification Request:{"email_attachment_included":"0","email_body_html":"Server Offline.Immediate Action required","email_body_plain_text":"","email_from_address":"parcx@alfalakme.com","email_from_name":"Parcx","email_subject":"Server Offline:200006","email_to_address":"npillai@alfalakme.com","email_to_name":"Neetu","status_code":200,"status_message":"OK","transaction_id":"20210818131548350787"}

13:16:20   Ids:18
13:16:21   Push Notification Curl Successful
13:16:21   Response:{"status_code":200,"status_message":"OK","transaction_id":"20210818131548350787"}
